<?xml version="1.0" encoding="UTF-8"?>
<coverage generated="1595527512">
  <project timestamp="1595527512">
    <package name="PhpCsFixerCustomFixersDev\Readme">
      <file name="/home/kuba/GitHub/php-cs-fixer-custom-fixers/dev-tools/src/Readme/ReadmeCommand.php">
        <class name="PhpCsFixerCustomFixersDev\Readme\ReadmeCommand" namespace="PhpCsFixerCustomFixersDev\Readme">
          <metrics complexity="22" methods="11" coveredmethods="11" conditionals="0" coveredconditionals="0" statements="112" coveredstatements="112" elements="123" coveredelements="123"/>
        </class>
        <line num="42" type="method" name="execute" visibility="protected" complexity="1" crap="1" count="1"/>
        <line num="44" type="stmt" count="1"/>
        <line num="45" type="stmt" count="1"/>
        <line num="46" type="stmt" count="1"/>
        <line num="47" type="stmt" count="1"/>
        <line num="48" type="stmt" count="1"/>
        <line num="49" type="stmt" count="1"/>
        <line num="50" type="stmt" count="1"/>
        <line num="51" type="stmt" count="1"/>
        <line num="54" type="stmt" count="1"/>
        <line num="57" type="method" name="badges" visibility="private" complexity="1" crap="1" count="1"/>
        <line num="59" type="stmt" count="1"/>
        <line num="60" type="stmt" count="1"/>
        <line num="61" type="stmt" count="1"/>
        <line num="62" type="stmt" count="1"/>
        <line num="63" type="stmt" count="1"/>
        <line num="65" type="stmt" count="1"/>
        <line num="66" type="stmt" count="1"/>
        <line num="67" type="stmt" count="1"/>
        <line num="68" type="stmt" count="1"/>
        <line num="70" type="stmt" count="1"/>
        <line num="71" type="stmt" count="1"/>
        <line num="72" type="stmt" count="1"/>
        <line num="73" type="stmt" count="1"/>
        <line num="75" type="stmt" count="1"/>
        <line num="76" type="stmt" count="1"/>
        <line num="77" type="stmt" count="1"/>
        <line num="79" type="stmt" count="1"/>
        <line num="80" type="stmt" count="1"/>
        <line num="81" type="stmt" count="1"/>
        <line num="82" type="stmt" count="1"/>
        <line num="84" type="stmt" count="1"/>
        <line num="85" type="stmt" count="1"/>
        <line num="86" type="stmt" count="1"/>
        <line num="87" type="stmt" count="1"/>
        <line num="88" type="stmt" count="1"/>
        <line num="90" type="stmt" count="1"/>
        <line num="91" type="stmt" count="1"/>
        <line num="92" type="stmt" count="1"/>
        <line num="93" type="stmt" count="1"/>
        <line num="95" type="stmt" count="1"/>
        <line num="96" type="stmt" count="1"/>
        <line num="97" type="stmt" count="1"/>
        <line num="99" type="stmt" count="1"/>
        <line num="100" type="stmt" count="1"/>
        <line num="101" type="stmt" count="1"/>
        <line num="102" type="stmt" count="1"/>
        <line num="104" type="stmt" count="1"/>
        <line num="105" type="stmt" count="1"/>
        <line num="106" type="stmt" count="1"/>
        <line num="107" type="stmt" count="1"/>
        <line num="112" type="method" name="badge" visibility="private" complexity="3" crap="3" count="1"/>
        <line num="114" type="stmt" count="1"/>
        <line num="116" type="stmt" count="1"/>
        <line num="117" type="stmt" count="1"/>
        <line num="120" type="stmt" count="1"/>
        <line num="123" type="method" name="numberOfTests" visibility="private" complexity="1" crap="1" count="1"/>
        <line num="125" type="stmt" count="1"/>
        <line num="126" type="stmt" count="1"/>
        <line num="128" type="stmt" count="1"/>
        <line num="131" type="method" name="description" visibility="private" complexity="1" crap="1" count="1"/>
        <line num="133" type="stmt" count="1"/>
        <line num="136" type="stmt" count="1"/>
        <line num="137" type="stmt" count="1"/>
        <line num="140" type="method" name="installation" visibility="private" complexity="1" crap="1" count="1"/>
        <line num="142" type="stmt" count="1"/>
        <line num="149" type="stmt" count="1"/>
        <line num="150" type="stmt" count="1"/>
        <line num="154" type="method" name="usage" visibility="private" complexity="1" crap="1" count="1"/>
        <line num="156" type="stmt" count="1"/>
        <line num="163" type="stmt" count="1"/>
        <line num="164" type="stmt" count="1"/>
        <line num="165" type="stmt" count="1"/>
        <line num="170" type="method" name="fixers" visibility="private" complexity="9" crap="9" count="1"/>
        <line num="172" type="stmt" count="1"/>
        <line num="175" type="stmt" count="1"/>
        <line num="176" type="stmt" count="1"/>
        <line num="178" type="stmt" count="1"/>
        <line num="180" type="stmt" count="1"/>
        <line num="181" type="stmt" count="1"/>
        <line num="184" type="stmt" count="1"/>
        <line num="185" type="stmt" count="1"/>
        <line num="187" type="stmt" count="1"/>
        <line num="191" type="stmt" count="1"/>
        <line num="193" type="stmt" count="1"/>
        <line num="194" type="stmt" count="1"/>
        <line num="196" type="stmt" count="1"/>
        <line num="200" type="stmt" count="1"/>
        <line num="201" type="stmt" count="1"/>
        <line num="203" type="stmt" count="1"/>
        <line num="204" type="stmt" count="1"/>
        <line num="206" type="stmt" count="1"/>
        <line num="207" type="stmt" count="1"/>
        <line num="210" type="stmt" count="1"/>
        <line num="212" type="stmt" count="1"/>
        <line num="214" type="stmt" count="1"/>
        <line num="215" type="stmt" count="1"/>
        <line num="216" type="stmt" count="1"/>
        <line num="217" type="stmt" count="1"/>
        <line num="223" type="stmt" count="1"/>
        <line num="225" type="stmt" count="1"/>
        <line num="226" type="stmt" count="1"/>
        <line num="227" type="stmt" count="1"/>
        <line num="229" type="stmt" count="1"/>
        <line num="230" type="stmt" count="1"/>
        <line num="231" type="stmt" count="1"/>
        <line num="233" type="stmt" count="1"/>
        <line num="235" type="stmt" count="1"/>
        <line num="239" type="stmt" count="1"/>
        <line num="242" type="method" name="diff" visibility="private" complexity="2" crap="2" count="1"/>
        <line num="244" type="stmt" count="1"/>
        <line num="246" type="stmt" count="1"/>
        <line num="247" type="stmt" count="1"/>
        <line num="248" type="stmt" count="1"/>
        <line num="254" type="stmt" count="1"/>
        <line num="257" type="stmt" count="1"/>
        <line num="259" type="stmt" count="1"/>
        <line num="262" type="method" name="contributing" visibility="private" complexity="1" crap="1" count="1"/>
        <line num="264" type="stmt" count="1"/>
        <line num="279" type="stmt" count="1"/>
        <line num="280" type="stmt" count="1"/>
        <line num="284" type="method" name="composer" visibility="private" complexity="1" crap="1" count="1"/>
        <line num="286" type="stmt" count="1"/>
        <metrics loc="288" ncloc="275" classes="1" methods="11" coveredmethods="11" conditionals="0" coveredconditionals="0" statements="112" coveredstatements="112" elements="123" coveredelements="123"/>
      </file>
    </package>
    <package name="PhpCsFixerCustomFixers\Analyzer\Analysis">
      <file name="/home/kuba/GitHub/php-cs-fixer-custom-fixers/src/Analyzer/Analysis/ArrayElementAnalysis.php">
        <class name="PhpCsFixerCustomFixers\Analyzer\Analysis\ArrayElementAnalysis" namespace="PhpCsFixerCustomFixers\Analyzer\Analysis">
          <metrics complexity="9" methods="5" coveredmethods="5" conditionals="0" coveredconditionals="0" statements="9" coveredstatements="9" elements="14" coveredelements="14"/>
        </class>
        <line num="33" type="method" name="__construct" visibility="public" complexity="3" crap="3" count="4"/>
        <line num="35" type="stmt" count="4"/>
        <line num="36" type="stmt" count="4"/>
        <line num="37" type="stmt" count="4"/>
        <line num="38" type="stmt" count="4"/>
        <line num="39" type="stmt" count="4"/>
        <line num="41" type="method" name="getKeyStartIndex" visibility="public" complexity="2" crap="2" count="1"/>
        <line num="43" type="stmt" count="1"/>
        <line num="46" type="method" name="getKeyEndIndex" visibility="public" complexity="2" crap="2" count="1"/>
        <line num="48" type="stmt" count="1"/>
        <line num="51" type="method" name="getValueStartIndex" visibility="public" complexity="1" crap="1" count="1"/>
        <line num="53" type="stmt" count="1"/>
        <line num="56" type="method" name="getValueEndIndex" visibility="public" complexity="1" crap="1" count="1"/>
        <line num="58" type="stmt" count="1"/>
        <metrics loc="60" ncloc="47" classes="1" methods="5" coveredmethods="5" conditionals="0" coveredconditionals="0" statements="9" coveredstatements="9" elements="14" coveredelements="14"/>
      </file>
      <file name="/home/kuba/GitHub/php-cs-fixer-custom-fixers/src/Analyzer/Analysis/CaseAnalysis.php">
        <class name="PhpCsFixerCustomFixers\Analyzer\Analysis\CaseAnalysis" namespace="PhpCsFixerCustomFixers\Analyzer\Analysis">
          <metrics complexity="2" methods="2" coveredmethods="2" conditionals="0" coveredconditionals="0" statements="3" coveredstatements="3" elements="5" coveredelements="5"/>
        </class>
        <line num="24" type="method" name="__construct" visibility="public" complexity="1" crap="1" count="1"/>
        <line num="26" type="stmt" count="1"/>
        <line num="27" type="stmt" count="1"/>
        <line num="29" type="method" name="getColonIndex" visibility="public" complexity="1" crap="1" count="1"/>
        <line num="31" type="stmt" count="1"/>
        <metrics loc="33" ncloc="23" classes="1" methods="2" coveredmethods="2" conditionals="0" coveredconditionals="0" statements="3" coveredstatements="3" elements="5" coveredelements="5"/>
      </file>
      <file name="/home/kuba/GitHub/php-cs-fixer-custom-fixers/src/Analyzer/Analysis/DataProviderAnalysis.php">
        <class name="PhpCsFixerCustomFixers\Analyzer\Analysis\DataProviderAnalysis" namespace="PhpCsFixerCustomFixers\Analyzer\Analysis">
          <metrics complexity="4" methods="4" coveredmethods="4" conditionals="0" coveredconditionals="0" statements="7" coveredstatements="7" elements="11" coveredelements="11"/>
        </class>
        <line num="33" type="method" name="__construct" visibility="public" complexity="1" crap="1" count="3"/>
        <line num="35" type="stmt" count="3"/>
        <line num="36" type="stmt" count="3"/>
        <line num="37" type="stmt" count="3"/>
        <line num="38" type="stmt" count="3"/>
        <line num="40" type="method" name="getName" visibility="public" complexity="1" crap="1" count="1"/>
        <line num="42" type="stmt" count="1"/>
        <line num="45" type="method" name="getNameIndex" visibility="public" complexity="1" crap="1" count="1"/>
        <line num="47" type="stmt" count="1"/>
        <line num="53" type="method" name="getUsageIndices" visibility="public" complexity="1" crap="1" count="1"/>
        <line num="55" type="stmt" count="1"/>
        <metrics loc="57" ncloc="41" classes="1" methods="4" coveredmethods="4" conditionals="0" coveredconditionals="0" statements="7" coveredstatements="7" elements="11" coveredelements="11"/>
      </file>
      <file name="/home/kuba/GitHub/php-cs-fixer-custom-fixers/src/Analyzer/Analysis/SwitchAnalysis.php">
        <class name="PhpCsFixerCustomFixers\Analyzer\Analysis\SwitchAnalysis" namespace="PhpCsFixerCustomFixers\Analyzer\Analysis">
          <metrics complexity="4" methods="4" coveredmethods="4" conditionals="0" coveredconditionals="0" statements="7" coveredstatements="7" elements="11" coveredelements="11"/>
        </class>
        <line num="33" type="method" name="__construct" visibility="public" complexity="1" crap="1" count="3"/>
        <line num="35" type="stmt" count="3"/>
        <line num="36" type="stmt" count="3"/>
        <line num="37" type="stmt" count="3"/>
        <line num="38" type="stmt" count="3"/>
        <line num="40" type="method" name="getCasesStart" visibility="public" complexity="1" crap="1" count="1"/>
        <line num="42" type="stmt" count="1"/>
        <line num="45" type="method" name="getCasesEnd" visibility="public" complexity="1" crap="1" count="1"/>
        <line num="47" type="stmt" count="1"/>
        <line num="53" type="method" name="getCases" visibility="public" complexity="1" crap="1" count="1"/>
        <line num="55" type="stmt" count="1"/>
        <metrics loc="57" ncloc="41" classes="1" methods="4" coveredmethods="4" conditionals="0" coveredconditionals="0" statements="7" coveredstatements="7" elements="11" coveredelements="11"/>
      </file>
    </package>
    <package name="PhpCsFixerCustomFixers\Analyzer">
      <file name="/home/kuba/GitHub/php-cs-fixer-custom-fixers/src/Analyzer/ArrayAnalyzer.php">
        <class name="PhpCsFixerCustomFixers\Analyzer\ArrayAnalyzer" namespace="PhpCsFixerCustomFixers\Analyzer">
          <metrics complexity="15" methods="4" coveredmethods="4" conditionals="0" coveredconditionals="0" statements="43" coveredstatements="43" elements="47" coveredelements="47"/>
        </class>
        <line num="29" type="method" name="getElements" visibility="public" complexity="3" crap="3" count="14"/>
        <line num="32" type="stmt" count="14"/>
        <line num="34" type="stmt" count="14"/>
        <line num="36" type="stmt" count="12"/>
        <line num="39" type="stmt" count="12"/>
        <line num="41" type="stmt" count="12"/>
        <line num="44" type="stmt" count="2"/>
        <line num="46" type="stmt" count="1"/>
        <line num="49" type="stmt" count="1"/>
        <line num="52" type="stmt" count="1"/>
        <line num="54" type="stmt" count="1"/>
        <line num="57" type="stmt" count="1"/>
        <line num="63" type="method" name="getElementsForArrayContent" visibility="private" complexity="4" crap="4" count="13"/>
        <line num="65" type="stmt" count="13"/>
        <line num="67" type="stmt" count="13"/>
        <line num="68" type="stmt" count="13"/>
        <line num="70" type="stmt" count="11"/>
        <line num="72" type="stmt" count="11"/>
        <line num="73" type="stmt" count="11"/>
        <line num="77" type="stmt" count="9"/>
        <line num="79" type="stmt" count="9"/>
        <line num="82" type="stmt" count="9"/>
        <line num="85" type="stmt" count="13"/>
        <line num="86" type="stmt" count="4"/>
        <line num="89" type="stmt" count="13"/>
        <line num="92" type="method" name="createArrayElementAnalysis" visibility="private" complexity="3" crap="3" count="12"/>
        <line num="94" type="stmt" count="12"/>
        <line num="95" type="stmt" count="12"/>
        <line num="97" type="stmt" count="10"/>
        <line num="99" type="stmt" count="10"/>
        <line num="100" type="stmt" count="10"/>
        <line num="104" type="stmt" count="10"/>
        <line num="107" type="stmt" count="10"/>
        <line num="109" type="stmt" count="10"/>
        <line num="112" type="stmt" count="2"/>
        <line num="115" type="method" name="nextCandidateIndex" visibility="private" complexity="5" crap="5" count="13"/>
        <line num="118" type="stmt" count="13"/>
        <line num="120" type="stmt" count="13"/>
        <line num="121" type="stmt" count="1"/>
        <line num="124" type="stmt" count="13"/>
        <line num="125" type="stmt" count="3"/>
        <line num="128" type="stmt" count="13"/>
        <line num="129" type="stmt" count="2"/>
        <line num="132" type="stmt" count="13"/>
        <line num="134" type="stmt" count="1"/>
        <line num="136" type="stmt" count="1"/>
        <line num="139" type="stmt" count="13"/>
        <metrics loc="141" ncloc="114" classes="1" methods="4" coveredmethods="4" conditionals="0" coveredconditionals="0" statements="43" coveredstatements="43" elements="47" coveredelements="47"/>
      </file>
      <file name="/home/kuba/GitHub/php-cs-fixer-custom-fixers/src/Analyzer/DataProviderAnalyzer.php">
        <class name="PhpCsFixerCustomFixers\Analyzer\DataProviderAnalyzer" namespace="PhpCsFixerCustomFixers\Analyzer">
          <metrics complexity="10" methods="2" coveredmethods="2" conditionals="0" coveredconditionals="0" statements="33" coveredstatements="33" elements="35" coveredelements="35"/>
        </class>
        <line num="29" type="method" name="getDataProviders" visibility="public" complexity="6" crap="6" count="11"/>
        <line num="31" type="stmt" count="11"/>
        <line num="33" type="stmt" count="11"/>
        <line num="34" type="stmt" count="11"/>
        <line num="36" type="stmt" count="11"/>
        <line num="38" type="stmt" count="11"/>
        <line num="39" type="stmt" count="11"/>
        <line num="43" type="stmt" count="11"/>
        <line num="45" type="stmt" count="11"/>
        <line num="46" type="stmt" count="10"/>
        <line num="49" type="stmt" count="11"/>
        <line num="52" type="stmt" count="11"/>
        <line num="54" type="stmt" count="11"/>
        <line num="55" type="stmt" count="11"/>
        <line num="59" type="stmt" count="11"/>
        <line num="60" type="stmt" count="11"/>
        <line num="61" type="stmt" count="11"/>
        <line num="62" type="stmt" count="2"/>
        <line num="64" type="stmt" count="10"/>
        <line num="65" type="stmt" count="10"/>
        <line num="66" type="stmt" count="10"/>
        <line num="71" type="stmt" count="11"/>
        <line num="73" type="stmt" count="11"/>
        <line num="79" type="method" name="getMethods" visibility="private" complexity="4" crap="4" count="11"/>
        <line num="81" type="stmt" count="11"/>
        <line num="82" type="stmt" count="11"/>
        <line num="84" type="stmt" count="11"/>
        <line num="86" type="stmt" count="11"/>
        <line num="87" type="stmt" count="11"/>
        <line num="91" type="stmt" count="11"/>
        <line num="94" type="stmt" count="11"/>
        <line num="96" type="stmt" count="11"/>
        <line num="97" type="stmt" count="1"/>
        <line num="100" type="stmt" count="11"/>
        <line num="103" type="stmt" count="11"/>
        <metrics loc="105" ncloc="86" classes="1" methods="2" coveredmethods="2" conditionals="0" coveredconditionals="0" statements="33" coveredstatements="33" elements="35" coveredelements="35"/>
      </file>
      <file name="/home/kuba/GitHub/php-cs-fixer-custom-fixers/src/Analyzer/ReferenceAnalyzer.php">
        <class name="PhpCsFixerCustomFixers\Analyzer\ReferenceAnalyzer" namespace="PhpCsFixerCustomFixers\Analyzer">
          <metrics complexity="5" methods="1" coveredmethods="1" conditionals="0" coveredconditionals="0" statements="13" coveredstatements="13" elements="14" coveredelements="14"/>
        </class>
        <line num="25" type="method" name="isReference" visibility="public" complexity="5" crap="5" count="40"/>
        <line num="28" type="stmt" count="40"/>
        <line num="30" type="stmt" count="40"/>
        <line num="31" type="stmt" count="2"/>
        <line num="34" type="stmt" count="38"/>
        <line num="35" type="stmt" count="1"/>
        <line num="39" type="stmt" count="37"/>
        <line num="42" type="stmt" count="37"/>
        <line num="44" type="stmt" count="37"/>
        <line num="45" type="stmt" count="7"/>
        <line num="48" type="stmt" count="30"/>
        <line num="50" type="stmt" count="18"/>
        <line num="53" type="stmt" count="18"/>
        <line num="56" type="stmt" count="30"/>
        <metrics loc="58" ncloc="44" classes="1" methods="1" coveredmethods="1" conditionals="0" coveredconditionals="0" statements="13" coveredstatements="13" elements="14" coveredelements="14"/>
      </file>
      <file name="/home/kuba/GitHub/php-cs-fixer-custom-fixers/src/Analyzer/SwitchAnalyzer.php">
        <class name="PhpCsFixerCustomFixers\Analyzer\SwitchAnalyzer" namespace="PhpCsFixerCustomFixers\Analyzer">
          <metrics complexity="15" methods="3" coveredmethods="3" conditionals="0" coveredconditionals="0" statements="48" coveredstatements="48" elements="51" coveredelements="51"/>
        </class>
        <line num="26" type="method" name="getSwitchAnalysis" visibility="public" complexity="7" crap="7" count="11"/>
        <line num="29" type="stmt" count="11"/>
        <line num="31" type="stmt" count="11"/>
        <line num="32" type="stmt" count="1"/>
        <line num="35" type="stmt" count="10"/>
        <line num="36" type="stmt" count="10"/>
        <line num="38" type="stmt" count="10"/>
        <line num="39" type="stmt" count="10"/>
        <line num="40" type="stmt" count="10"/>
        <line num="41" type="stmt" count="10"/>
        <line num="42" type="stmt" count="10"/>
        <line num="45" type="stmt" count="10"/>
        <line num="47" type="stmt" count="10"/>
        <line num="48" type="stmt" count="3"/>
        <line num="49" type="stmt" count="3"/>
        <line num="51" type="stmt" count="10"/>
        <line num="52" type="stmt" count="1"/>
        <line num="53" type="stmt" count="1"/>
        <line num="55" type="stmt" count="10"/>
        <line num="56" type="stmt" count="10"/>
        <line num="58" type="stmt" count="10"/>
        <line num="59" type="stmt" count="1"/>
        <line num="60" type="stmt" count="1"/>
        <line num="62" type="stmt" count="10"/>
        <line num="65" type="stmt" count="10"/>
        <line num="68" type="method" name="getCasesStart" visibility="private" complexity="1" crap="1" count="10"/>
        <line num="71" type="stmt" count="10"/>
        <line num="72" type="stmt" count="10"/>
        <line num="74" type="stmt" count="10"/>
        <line num="77" type="stmt" count="10"/>
        <line num="80" type="method" name="getCasesEnd" visibility="private" complexity="7" crap="7" count="10"/>
        <line num="83" type="stmt" count="10"/>
        <line num="85" type="stmt" count="10"/>
        <line num="86" type="stmt" count="7"/>
        <line num="89" type="stmt" count="3"/>
        <line num="90" type="stmt" count="3"/>
        <line num="91" type="stmt" count="3"/>
        <line num="93" type="stmt" count="3"/>
        <line num="96" type="stmt" count="3"/>
        <line num="98" type="stmt" count="3"/>
        <line num="99" type="stmt" count="3"/>
        <line num="100" type="stmt" count="3"/>
        <line num="103" type="stmt" count="3"/>
        <line num="104" type="stmt" count="3"/>
        <line num="107" type="stmt" count="1"/>
        <line num="110" type="stmt" count="1"/>
        <line num="112" type="stmt" count="1"/>
        <line num="113" type="stmt" count="1"/>
        <line num="118" type="stmt" count="3"/>
        <line num="121" type="stmt" count="3"/>
        <line num="123" type="stmt" count="3"/>
        <metrics loc="125" ncloc="107" classes="1" methods="3" coveredmethods="3" conditionals="0" coveredconditionals="0" statements="48" coveredstatements="48" elements="51" coveredelements="51"/>
      </file>
    </package>
    <package name="PhpCsFixerCustomFixers\Fixer">
      <file name="/home/kuba/GitHub/php-cs-fixer-custom-fixers/src/Fixer/AbstractFixer.php">
        <class name="PhpCsFixerCustomFixers\Fixer\AbstractFixer" namespace="PhpCsFixerCustomFixers\Fixer">
          <metrics complexity="3" methods="3" coveredmethods="3" conditionals="0" coveredconditionals="0" statements="4" coveredstatements="4" elements="7" coveredelements="7"/>
        </class>
        <line num="21" type="method" name="name" visibility="public" complexity="1" crap="1" count="35"/>
        <line num="24" type="stmt" count="35"/>
        <line num="26" type="stmt" count="35"/>
        <line num="29" type="method" name="getName" visibility="public" complexity="1" crap="1" count="35"/>
        <line num="31" type="stmt" count="35"/>
        <line num="34" type="method" name="supports" visibility="public" complexity="1" crap="1" count="1"/>
        <line num="36" type="stmt" count="1"/>
        <metrics loc="38" ncloc="30" classes="1" methods="3" coveredmethods="3" conditionals="0" coveredconditionals="0" statements="4" coveredstatements="4" elements="7" coveredelements="7"/>
      </file>
      <file name="/home/kuba/GitHub/php-cs-fixer-custom-fixers/src/Fixer/CommentSurroundedBySpacesFixer.php">
        <class name="PhpCsFixerCustomFixers\Fixer\CommentSurroundedBySpacesFixer" namespace="PhpCsFixerCustomFixers\Fixer">
          <metrics complexity="9" methods="5" coveredmethods="5" conditionals="0" coveredconditionals="0" statements="18" coveredstatements="18" elements="23" coveredelements="23"/>
        </class>
        <line num="25" type="method" name="getDefinition" visibility="public" complexity="1" crap="1" count="3"/>
        <line num="27" type="stmt" count="3"/>
        <line num="28" type="stmt" count="3"/>
        <line num="29" type="stmt" count="3"/>
        <line num="39" type="method" name="getPriority" visibility="public" complexity="1" crap="1" count="1"/>
        <line num="41" type="stmt" count="1"/>
        <line num="44" type="method" name="isCandidate" visibility="public" complexity="1" crap="1" count="12"/>
        <line num="46" type="stmt" count="12"/>
        <line num="49" type="method" name="isRisky" visibility="public" complexity="1" crap="1" count="3"/>
        <line num="51" type="stmt" count="3"/>
        <line num="54" type="method" name="fix" visibility="public" complexity="5" crap="5" count="23"/>
        <line num="56" type="stmt" count="23"/>
        <line num="58" type="stmt" count="23"/>
        <line num="60" type="stmt" count="23"/>
        <line num="61" type="stmt" count="23"/>
        <line num="65" type="stmt" count="23"/>
        <line num="67" type="stmt" count="23"/>
        <line num="70" type="stmt" count="23"/>
        <line num="71" type="stmt" count="23"/>
        <line num="74" type="stmt" count="23"/>
        <line num="75" type="stmt" count="23"/>
        <line num="78" type="stmt" count="12"/>
        <line num="80" type="stmt" count="23"/>
        <metrics loc="81" ncloc="69" classes="1" methods="5" coveredmethods="5" conditionals="0" coveredconditionals="0" statements="18" coveredstatements="18" elements="23" coveredelements="23"/>
      </file>
      <file name="/home/kuba/GitHub/php-cs-fixer-custom-fixers/src/Fixer/CommentedOutFunctionFixer.php">
        <class name="PhpCsFixerCustomFixers\Fixer\CommentedOutFunctionFixer" namespace="PhpCsFixerCustomFixers\Fixer">
          <metrics complexity="37" methods="12" coveredmethods="12" conditionals="0" coveredconditionals="0" statements="94" coveredstatements="94" elements="106" coveredelements="106"/>
        </class>
        <line num="33" type="method" name="getDefinition" visibility="public" complexity="1" crap="1" count="5"/>
        <line num="35" type="stmt" count="5"/>
        <line num="36" type="stmt" count="5"/>
        <line num="37" type="stmt" count="5"/>
        <line num="40" type="stmt" count="5"/>
        <line num="41" type="stmt" count="5"/>
        <line num="45" type="method" name="getConfigurationDefinition" visibility="public" complexity="1" crap="1" count="1"/>
        <line num="47" type="stmt" count="1"/>
        <line num="48" type="stmt" count="1"/>
        <line num="49" type="stmt" count="1"/>
        <line num="50" type="stmt" count="1"/>
        <line num="51" type="stmt" count="1"/>
        <line num="55" type="method" name="configure" visibility="public" complexity="3" crap="3" count="30"/>
        <line num="57" type="stmt" count="30"/>
        <line num="59" type="stmt" count="1"/>
        <line num="60" type="stmt" count="1"/>
        <line num="62" type="stmt" count="30"/>
        <line num="67" type="method" name="getPriority" visibility="public" complexity="1" crap="1" count="1"/>
        <line num="69" type="stmt" count="1"/>
        <line num="72" type="method" name="isCandidate" visibility="public" complexity="1" crap="1" count="20"/>
        <line num="74" type="stmt" count="20"/>
        <line num="77" type="method" name="isRisky" visibility="public" complexity="1" crap="1" count="3"/>
        <line num="79" type="stmt" count="3"/>
        <line num="82" type="method" name="fix" visibility="public" complexity="7" crap="7" count="30"/>
        <line num="84" type="stmt" count="30"/>
        <line num="85" type="stmt" count="30"/>
        <line num="86" type="stmt" count="30"/>
        <line num="89" type="stmt" count="25"/>
        <line num="92" type="stmt" count="25"/>
        <line num="95" type="stmt" count="25"/>
        <line num="97" type="stmt" count="25"/>
        <line num="98" type="stmt" count="2"/>
        <line num="101" type="stmt" count="25"/>
        <line num="102" type="stmt" count="5"/>
        <line num="106" type="stmt" count="21"/>
        <line num="108" type="stmt" count="21"/>
        <line num="111" type="stmt" count="21"/>
        <line num="114" type="stmt" count="21"/>
        <line num="116" type="stmt" count="21"/>
        <line num="117" type="stmt" count="2"/>
        <line num="120" type="stmt" count="20"/>
        <line num="121" type="stmt" count="19"/>
        <line num="124" type="stmt" count="20"/>
        <line num="126" type="stmt" count="30"/>
        <line num="128" type="method" name="isFunctionToFix" visibility="private" complexity="3" crap="3" count="30"/>
        <line num="131" type="stmt" count="30"/>
        <line num="133" type="stmt" count="30"/>
        <line num="134" type="stmt" count="30"/>
        <line num="137" type="stmt" count="30"/>
        <line num="138" type="stmt" count="17"/>
        <line num="141" type="stmt" count="30"/>
        <line num="144" type="method" name="isPreviousTokenSeparateStatement" visibility="private" complexity="7" crap="7" count="25"/>
        <line num="147" type="stmt" count="25"/>
        <line num="150" type="stmt" count="25"/>
        <line num="152" type="stmt" count="25"/>
        <line num="153" type="stmt" count="20"/>
        <line num="156" type="stmt" count="6"/>
        <line num="158" type="stmt" count="6"/>
        <line num="159" type="stmt" count="5"/>
        <line num="162" type="stmt" count="2"/>
        <line num="164" type="stmt" count="2"/>
        <line num="166" type="stmt" count="2"/>
        <line num="167" type="stmt" count="2"/>
        <line num="169" type="stmt" count="1"/>
        <line num="170" type="stmt" count="1"/>
        <line num="171" type="stmt" count="1"/>
        <line num="176" type="stmt" count="1"/>
        <line num="179" type="method" name="fixBlock" visibility="private" complexity="2" crap="2" count="20"/>
        <line num="181" type="stmt" count="20"/>
        <line num="182" type="stmt" count="18"/>
        <line num="184" type="stmt" count="18"/>
        <line num="187" type="stmt" count="2"/>
        <line num="190" type="stmt" count="2"/>
        <line num="192" type="stmt" count="2"/>
        <line num="194" type="method" name="canUseSingleLineComment" visibility="private" complexity="5" crap="5" count="20"/>
        <line num="196" type="stmt" count="20"/>
        <line num="197" type="stmt" count="7"/>
        <line num="201" type="stmt" count="13"/>
        <line num="203" type="stmt" count="13"/>
        <line num="204" type="stmt" count="8"/>
        <line num="207" type="stmt" count="5"/>
        <line num="209" type="stmt" count="5"/>
        <line num="211" type="stmt" count="5"/>
        <line num="212" type="stmt" count="3"/>
        <line num="216" type="stmt" count="2"/>
        <line num="219" type="method" name="fixBlockWithSingleLineComments" visibility="private" complexity="5" crap="5" count="18"/>
        <line num="221" type="stmt" count="18"/>
        <line num="224" type="stmt" count="18"/>
        <line num="226" type="stmt" count="18"/>
        <line num="227" type="stmt" count="18"/>
        <line num="228" type="stmt" count="10"/>
        <line num="230" type="stmt" count="10"/>
        <line num="232" type="stmt" count="18"/>
        <line num="234" type="stmt" count="18"/>
        <line num="236" type="stmt" count="11"/>
        <line num="238" type="stmt" count="11"/>
        <line num="239" type="stmt" count="3"/>
        <line num="240" type="stmt" count="3"/>
        <line num="241" type="stmt" count="1"/>
        <line num="242" type="stmt" count="1"/>
        <line num="247" type="stmt" count="18"/>
        <line num="248" type="stmt" count="18"/>
        <line num="249" type="stmt" count="18"/>
        <line num="251" type="stmt" count="18"/>
        <line num="252" type="stmt" count="18"/>
        <line num="256" type="stmt" count="18"/>
        <metrics loc="257" ncloc="232" classes="1" methods="12" coveredmethods="12" conditionals="0" coveredconditionals="0" statements="94" coveredstatements="94" elements="106" coveredelements="106"/>
      </file>
      <file name="/home/kuba/GitHub/php-cs-fixer-custom-fixers/src/Fixer/DataProviderNameFixer.php">
        <class name="PhpCsFixerCustomFixers\Fixer\DataProviderNameFixer" namespace="PhpCsFixerCustomFixers\Fixer">
          <metrics complexity="18" methods="9" coveredmethods="9" conditionals="0" coveredconditionals="0" statements="52" coveredstatements="52" elements="61" coveredelements="61"/>
        </class>
        <line num="36" type="method" name="getDefinition" visibility="public" complexity="1" crap="1" count="5"/>
        <line num="38" type="stmt" count="5"/>
        <line num="39" type="stmt" count="5"/>
        <line num="41" type="stmt" count="5"/>
        <line num="42" type="stmt" count="5"/>
        <line num="53" type="stmt" count="5"/>
        <line num="54" type="stmt" count="5"/>
        <line num="58" type="method" name="getConfigurationDefinition" visibility="public" complexity="1" crap="1" count="1"/>
        <line num="60" type="stmt" count="1"/>
        <line num="61" type="stmt" count="1"/>
        <line num="62" type="stmt" count="1"/>
        <line num="63" type="stmt" count="1"/>
        <line num="64" type="stmt" count="1"/>
        <line num="65" type="stmt" count="1"/>
        <line num="66" type="stmt" count="1"/>
        <line num="67" type="stmt" count="1"/>
        <line num="68" type="stmt" count="1"/>
        <line num="72" type="method" name="configure" visibility="public" complexity="4" crap="4" count="29"/>
        <line num="75" type="stmt" count="29"/>
        <line num="77" type="stmt" count="29"/>
        <line num="78" type="stmt" count="11"/>
        <line num="81" type="stmt" count="29"/>
        <line num="82" type="stmt" count="11"/>
        <line num="84" type="stmt" count="29"/>
        <line num="86" type="method" name="getPriority" visibility="public" complexity="1" crap="1" count="1"/>
        <line num="88" type="stmt" count="1"/>
        <line num="91" type="method" name="isCandidate" visibility="public" complexity="1" crap="1" count="23"/>
        <line num="93" type="stmt" count="23"/>
        <line num="96" type="method" name="isRisky" visibility="public" complexity="1" crap="1" count="3"/>
        <line num="98" type="stmt" count="3"/>
        <line num="101" type="method" name="fix" visibility="public" complexity="2" crap="2" count="29"/>
        <line num="103" type="stmt" count="29"/>
        <line num="106" type="stmt" count="29"/>
        <line num="107" type="stmt" count="29"/>
        <line num="109" type="stmt" count="29"/>
        <line num="111" type="method" name="fixNames" visibility="private" complexity="4" crap="4" count="29"/>
        <line num="113" type="stmt" count="29"/>
        <line num="114" type="stmt" count="29"/>
        <line num="115" type="stmt" count="26"/>
        <line num="116" type="stmt" count="2"/>
        <line num="119" type="stmt" count="25"/>
        <line num="122" type="stmt" count="25"/>
        <line num="125" type="stmt" count="25"/>
        <line num="128" type="stmt" count="25"/>
        <line num="130" type="stmt" count="25"/>
        <line num="131" type="stmt" count="25"/>
        <line num="132" type="stmt" count="25"/>
        <line num="135" type="stmt" count="23"/>
        <line num="138" type="stmt" count="23"/>
        <line num="139" type="stmt" count="23"/>
        <line num="140" type="stmt" count="23"/>
        <line num="141" type="stmt" count="23"/>
        <line num="144" type="stmt" count="23"/>
        <line num="146" type="stmt" count="29"/>
        <line num="148" type="method" name="getProviderNameForTestName" visibility="private" complexity="3" crap="3" count="25"/>
        <line num="151" type="stmt" count="25"/>
        <line num="153" type="stmt" count="25"/>
        <line num="154" type="stmt" count="2"/>
        <line num="155" type="stmt" count="23"/>
        <line num="156" type="stmt" count="17"/>
        <line num="159" type="stmt" count="25"/>
        <metrics loc="161" ncloc="145" classes="1" methods="9" coveredmethods="9" conditionals="0" coveredconditionals="0" statements="52" coveredstatements="52" elements="61" coveredelements="61"/>
      </file>
      <file name="/home/kuba/GitHub/php-cs-fixer-custom-fixers/src/Fixer/DataProviderReturnTypeFixer.php">
        <class name="PhpCsFixerCustomFixers\Fixer\DataProviderReturnTypeFixer" namespace="PhpCsFixerCustomFixers\Fixer">
          <metrics complexity="10" methods="6" coveredmethods="6" conditionals="0" coveredconditionals="0" statements="30" coveredstatements="30" elements="36" coveredelements="36"/>
        </class>
        <line num="28" type="method" name="getDefinition" visibility="public" complexity="1" crap="1" count="5"/>
        <line num="30" type="stmt" count="5"/>
        <line num="31" type="stmt" count="5"/>
        <line num="33" type="stmt" count="5"/>
        <line num="34" type="stmt" count="5"/>
        <line num="45" type="stmt" count="5"/>
        <line num="46" type="stmt" count="5"/>
        <line num="53" type="method" name="getPriority" visibility="public" complexity="1" crap="1" count="1"/>
        <line num="55" type="stmt" count="1"/>
        <line num="58" type="method" name="isCandidate" visibility="public" complexity="1" crap="1" count="15"/>
        <line num="60" type="stmt" count="15"/>
        <line num="63" type="method" name="isRisky" visibility="public" complexity="1" crap="1" count="3"/>
        <line num="65" type="stmt" count="3"/>
        <line num="68" type="method" name="fix" visibility="public" complexity="2" crap="2" count="16"/>
        <line num="70" type="stmt" count="16"/>
        <line num="73" type="stmt" count="16"/>
        <line num="74" type="stmt" count="16"/>
        <line num="76" type="stmt" count="16"/>
        <line num="78" type="method" name="fixReturnTypes" visibility="private" complexity="4" crap="4" count="16"/>
        <line num="80" type="stmt" count="16"/>
        <line num="81" type="stmt" count="16"/>
        <line num="83" type="stmt" count="16"/>
        <line num="84" type="stmt" count="16"/>
        <line num="86" type="stmt" count="16"/>
        <line num="88" type="stmt" count="9"/>
        <line num="89" type="stmt" count="9"/>
        <line num="90" type="stmt" count="9"/>
        <line num="91" type="stmt" count="9"/>
        <line num="93" type="stmt" count="9"/>
        <line num="94" type="stmt" count="9"/>
        <line num="95" type="stmt" count="9"/>
        <line num="98" type="stmt" count="9"/>
        <line num="101" type="stmt" count="16"/>
        <line num="103" type="stmt" count="6"/>
        <line num="104" type="stmt" count="6"/>
        <line num="107" type="stmt" count="16"/>
        <metrics loc="108" ncloc="96" classes="1" methods="6" coveredmethods="6" conditionals="0" coveredconditionals="0" statements="30" coveredstatements="30" elements="36" coveredelements="36"/>
      </file>
      <file name="/home/kuba/GitHub/php-cs-fixer-custom-fixers/src/Fixer/DataProviderStaticFixer.php">
        <class name="PhpCsFixerCustomFixers\Fixer\DataProviderStaticFixer" namespace="PhpCsFixerCustomFixers\Fixer">
          <metrics complexity="11" methods="6" coveredmethods="6" conditionals="0" coveredconditionals="0" statements="26" coveredstatements="26" elements="32" coveredelements="32"/>
        </class>
        <line num="27" type="method" name="getDefinition" visibility="public" complexity="1" crap="1" count="3"/>
        <line num="29" type="stmt" count="3"/>
        <line num="30" type="stmt" count="3"/>
        <line num="32" type="stmt" count="3"/>
        <line num="33" type="stmt" count="3"/>
        <line num="47" type="method" name="getPriority" visibility="public" complexity="1" crap="1" count="1"/>
        <line num="49" type="stmt" count="1"/>
        <line num="52" type="method" name="isCandidate" visibility="public" complexity="1" crap="1" count="4"/>
        <line num="54" type="stmt" count="4"/>
        <line num="57" type="method" name="isRisky" visibility="public" complexity="1" crap="1" count="3"/>
        <line num="59" type="stmt" count="3"/>
        <line num="62" type="method" name="fix" visibility="public" complexity="2" crap="2" count="5"/>
        <line num="64" type="stmt" count="5"/>
        <line num="67" type="stmt" count="5"/>
        <line num="68" type="stmt" count="5"/>
        <line num="70" type="stmt" count="5"/>
        <line num="72" type="method" name="fixStatic" visibility="private" complexity="5" crap="5" count="5"/>
        <line num="74" type="stmt" count="5"/>
        <line num="75" type="stmt" count="5"/>
        <line num="77" type="stmt" count="5"/>
        <line num="78" type="stmt" count="5"/>
        <line num="79" type="stmt" count="5"/>
        <line num="80" type="stmt" count="4"/>
        <line num="82" type="stmt" count="4"/>
        <line num="83" type="stmt" count="2"/>
        <line num="87" type="stmt" count="4"/>
        <line num="89" type="stmt" count="4"/>
        <line num="90" type="stmt" count="4"/>
        <line num="91" type="stmt" count="4"/>
        <line num="94" type="stmt" count="4"/>
        <line num="96" type="stmt" count="4"/>
        <line num="99" type="stmt" count="5"/>
        <metrics loc="100" ncloc="91" classes="1" methods="6" coveredmethods="6" conditionals="0" coveredconditionals="0" statements="26" coveredstatements="26" elements="32" coveredelements="32"/>
      </file>
      <file name="/home/kuba/GitHub/php-cs-fixer-custom-fixers/src/Fixer/InternalClassCasingFixer.php">
        <class name="PhpCsFixerCustomFixers\Fixer\InternalClassCasingFixer" namespace="PhpCsFixerCustomFixers\Fixer">
          <metrics complexity="23" methods="8" coveredmethods="8" conditionals="0" coveredconditionals="0" statements="47" coveredstatements="47" elements="55" coveredelements="55"/>
        </class>
        <line num="26" type="method" name="getDefinition" visibility="public" complexity="1" crap="1" count="3"/>
        <line num="28" type="stmt" count="3"/>
        <line num="29" type="stmt" count="3"/>
        <line num="30" type="stmt" count="3"/>
        <line num="34" type="method" name="getPriority" visibility="public" complexity="1" crap="1" count="1"/>
        <line num="36" type="stmt" count="1"/>
        <line num="39" type="method" name="isCandidate" visibility="public" complexity="1" crap="1" count="6"/>
        <line num="41" type="stmt" count="6"/>
        <line num="44" type="method" name="isRisky" visibility="public" complexity="1" crap="1" count="3"/>
        <line num="46" type="stmt" count="3"/>
        <line num="49" type="method" name="fix" visibility="public" complexity="2" crap="2" count="21"/>
        <line num="51" type="stmt" count="21"/>
        <line num="53" type="stmt" count="21"/>
        <line num="54" type="stmt" count="21"/>
        <line num="56" type="stmt" count="21"/>
        <line num="58" type="method" name="fixCasing" visibility="private" complexity="5" crap="5" count="21"/>
        <line num="60" type="stmt" count="21"/>
        <line num="62" type="stmt" count="21"/>
        <line num="64" type="stmt" count="21"/>
        <line num="65" type="stmt" count="21"/>
        <line num="68" type="stmt" count="21"/>
        <line num="69" type="stmt" count="19"/>
        <line num="72" type="stmt" count="8"/>
        <line num="74" type="stmt" count="8"/>
        <line num="75" type="stmt" count="8"/>
        <line num="78" type="stmt" count="6"/>
        <line num="80" type="stmt" count="21"/>
        <line num="82" type="method" name="isGlobalClassUsage" visibility="private" complexity="7" crap="7" count="21"/>
        <line num="85" type="stmt" count="21"/>
        <line num="88" type="stmt" count="21"/>
        <line num="90" type="stmt" count="21"/>
        <line num="92" type="stmt" count="7"/>
        <line num="95" type="stmt" count="7"/>
        <line num="97" type="stmt" count="7"/>
        <line num="98" type="stmt" count="7"/>
        <line num="100" type="stmt" count="19"/>
        <line num="101" type="stmt" count="3"/>
        <line num="104" type="stmt" count="19"/>
        <line num="105" type="stmt" count="9"/>
        <line num="109" type="stmt" count="14"/>
        <line num="112" type="stmt" count="14"/>
        <line num="114" type="stmt" count="14"/>
        <line num="115" type="stmt" count="4"/>
        <line num="118" type="stmt" count="11"/>
        <line num="121" type="method" name="getCorrectCase" visibility="private" complexity="5" crap="5" count="8"/>
        <line num="124" type="stmt" count="8"/>
        <line num="126" type="stmt" count="8"/>
        <line num="127" type="stmt" count="1"/>
        <line num="128" type="stmt" count="1"/>
        <line num="129" type="stmt" count="1"/>
        <line num="130" type="stmt" count="1"/>
        <line num="135" type="stmt" count="8"/>
        <line num="137" type="stmt" count="8"/>
        <line num="138" type="stmt" count="2"/>
        <line num="141" type="stmt" count="6"/>
        <metrics loc="143" ncloc="128" classes="1" methods="8" coveredmethods="8" conditionals="0" coveredconditionals="0" statements="47" coveredstatements="47" elements="55" coveredelements="55"/>
      </file>
      <file name="/home/kuba/GitHub/php-cs-fixer-custom-fixers/src/Fixer/MultilineCommentOpeningClosingAloneFixer.php">
        <class name="PhpCsFixerCustomFixers\Fixer\MultilineCommentOpeningClosingAloneFixer" namespace="PhpCsFixerCustomFixers\Fixer">
          <metrics complexity="18" methods="7" coveredmethods="7" conditionals="0" coveredconditionals="0" statements="45" coveredstatements="45" elements="52" coveredelements="52"/>
        </class>
        <line num="25" type="method" name="getDefinition" visibility="public" complexity="1" crap="1" count="3"/>
        <line num="27" type="stmt" count="3"/>
        <line num="28" type="stmt" count="3"/>
        <line num="29" type="stmt" count="3"/>
        <line num="36" type="method" name="getPriority" visibility="public" complexity="1" crap="1" count="1"/>
        <line num="38" type="stmt" count="1"/>
        <line num="41" type="method" name="isCandidate" visibility="public" complexity="1" crap="1" count="16"/>
        <line num="43" type="stmt" count="16"/>
        <line num="46" type="method" name="isRisky" visibility="public" complexity="1" crap="1" count="3"/>
        <line num="48" type="stmt" count="3"/>
        <line num="51" type="method" name="fix" visibility="public" complexity="4" crap="4" count="20"/>
        <line num="53" type="stmt" count="20"/>
        <line num="55" type="stmt" count="20"/>
        <line num="57" type="stmt" count="20"/>
        <line num="58" type="stmt" count="16"/>
        <line num="61" type="stmt" count="20"/>
        <line num="62" type="stmt" count="3"/>
        <line num="65" type="stmt" count="18"/>
        <line num="66" type="stmt" count="18"/>
        <line num="68" type="stmt" count="20"/>
        <line num="70" type="method" name="fixOpening" visibility="private" complexity="7" crap="7" count="18"/>
        <line num="73" type="stmt" count="18"/>
        <line num="75" type="stmt" count="18"/>
        <line num="76" type="stmt" count="17"/>
        <line num="79" type="stmt" count="13"/>
        <line num="80" type="stmt" count="13"/>
        <line num="82" type="stmt" count="13"/>
        <line num="83" type="stmt" count="13"/>
        <line num="84" type="stmt" count="1"/>
        <line num="88" type="stmt" count="12"/>
        <line num="91" type="stmt" count="12"/>
        <line num="94" type="stmt" count="12"/>
        <line num="97" type="stmt" count="12"/>
        <line num="99" type="stmt" count="12"/>
        <line num="100" type="stmt" count="3"/>
        <line num="103" type="stmt" count="12"/>
        <line num="104" type="stmt" count="1"/>
        <line num="106" type="stmt" count="11"/>
        <line num="109" type="stmt" count="12"/>
        <line num="111" type="stmt" count="12"/>
        <line num="112" type="stmt" count="12"/>
        <line num="114" type="stmt" count="12"/>
        <line num="116" type="method" name="fixClosing" visibility="private" complexity="3" crap="3" count="18"/>
        <line num="119" type="stmt" count="18"/>
        <line num="121" type="stmt" count="18"/>
        <line num="122" type="stmt" count="17"/>
        <line num="125" type="stmt" count="7"/>
        <line num="128" type="stmt" count="7"/>
        <line num="130" type="stmt" count="7"/>
        <line num="132" type="stmt" count="7"/>
        <line num="133" type="stmt" count="6"/>
        <line num="135" type="stmt" count="7"/>
        <metrics loc="136" ncloc="119" classes="1" methods="7" coveredmethods="7" conditionals="0" coveredconditionals="0" statements="45" coveredstatements="45" elements="52" coveredelements="52"/>
      </file>
      <file name="/home/kuba/GitHub/php-cs-fixer-custom-fixers/src/Fixer/NoCommentedOutCodeFixer.php">
        <class name="PhpCsFixerCustomFixers\Fixer\NoCommentedOutCodeFixer" namespace="PhpCsFixerCustomFixers\Fixer">
          <metrics complexity="19" methods="8" coveredmethods="8" conditionals="0" coveredconditionals="0" statements="43" coveredstatements="43" elements="51" coveredelements="51"/>
        </class>
        <line num="27" type="method" name="getDefinition" visibility="public" complexity="1" crap="1" count="3"/>
        <line num="29" type="stmt" count="3"/>
        <line num="30" type="stmt" count="3"/>
        <line num="31" type="stmt" count="3"/>
        <line num="39" type="method" name="getPriority" visibility="public" complexity="1" crap="1" count="1"/>
        <line num="41" type="stmt" count="1"/>
        <line num="44" type="method" name="isCandidate" visibility="public" complexity="1" crap="1" count="14"/>
        <line num="46" type="stmt" count="14"/>
        <line num="49" type="method" name="isRisky" visibility="public" complexity="1" crap="1" count="3"/>
        <line num="51" type="stmt" count="3"/>
        <line num="54" type="method" name="fix" visibility="public" complexity="6" crap="6" count="22"/>
        <line num="56" type="stmt" count="22"/>
        <line num="58" type="stmt" count="22"/>
        <line num="59" type="stmt" count="22"/>
        <line num="61" type="stmt" count="22"/>
        <line num="63" type="stmt" count="22"/>
        <line num="64" type="stmt" count="12"/>
        <line num="67" type="stmt" count="22"/>
        <line num="68" type="stmt" count="7"/>
        <line num="71" type="stmt" count="15"/>
        <line num="74" type="stmt" count="22"/>
        <line num="76" type="stmt" count="22"/>
        <line num="77" type="stmt" count="10"/>
        <line num="80" type="stmt" count="14"/>
        <line num="81" type="stmt" count="14"/>
        <line num="84" type="stmt" count="14"/>
        <line num="86" type="stmt" count="22"/>
        <line num="93" type="method" name="getIndicesToRemove" visibility="private" complexity="5" crap="5" count="22"/>
        <line num="95" type="stmt" count="22"/>
        <line num="96" type="stmt" count="22"/>
        <line num="97" type="stmt" count="22"/>
        <line num="99" type="stmt" count="22"/>
        <line num="101" type="stmt" count="22"/>
        <line num="103" type="stmt" count="22"/>
        <line num="104" type="stmt" count="22"/>
        <line num="106" type="stmt" count="22"/>
        <line num="107" type="stmt" count="2"/>
        <line num="110" type="stmt" count="22"/>
        <line num="111" type="stmt" count="22"/>
        <line num="112" type="stmt" count="14"/>
        <line num="116" type="stmt" count="22"/>
        <line num="119" type="method" name="getContent" visibility="private" complexity="2" crap="2" count="22"/>
        <line num="121" type="stmt" count="22"/>
        <line num="123" type="stmt" count="22"/>
        <line num="125" type="stmt" count="7"/>
        <line num="128" type="stmt" count="22"/>
        <line num="131" type="method" name="isCorrectSyntax" visibility="private" complexity="2" crap="2" count="22"/>
        <line num="134" type="stmt" count="22"/>
        <line num="135" type="stmt" count="12"/>
        <line num="136" type="stmt" count="12"/>
        <line num="139" type="stmt" count="14"/>
        <metrics loc="141" ncloc="123" classes="1" methods="8" coveredmethods="8" conditionals="0" coveredconditionals="0" statements="43" coveredstatements="43" elements="51" coveredelements="51"/>
      </file>
      <file name="/home/kuba/GitHub/php-cs-fixer-custom-fixers/src/Fixer/NoDoctrineMigrationsGeneratedCommentFixer.php">
        <class name="PhpCsFixerCustomFixers\Fixer\NoDoctrineMigrationsGeneratedCommentFixer" namespace="PhpCsFixerCustomFixers\Fixer">
          <metrics complexity="10" methods="5" coveredmethods="5" conditionals="0" coveredconditionals="0" statements="16" coveredstatements="16" elements="21" coveredelements="21"/>
        </class>
        <line num="25" type="method" name="getDefinition" visibility="public" complexity="1" crap="1" count="3"/>
        <line num="27" type="stmt" count="3"/>
        <line num="28" type="stmt" count="3"/>
        <line num="29" type="stmt" count="3"/>
        <line num="52" type="method" name="getPriority" visibility="public" complexity="1" crap="1" count="1"/>
        <line num="54" type="stmt" count="1"/>
        <line num="57" type="method" name="isCandidate" visibility="public" complexity="1" crap="1" count="3"/>
        <line num="59" type="stmt" count="3"/>
        <line num="62" type="method" name="isRisky" visibility="public" complexity="1" crap="1" count="3"/>
        <line num="64" type="stmt" count="3"/>
        <line num="67" type="method" name="fix" visibility="public" complexity="6" crap="6" count="4"/>
        <line num="69" type="stmt" count="4"/>
        <line num="71" type="stmt" count="4"/>
        <line num="73" type="stmt" count="4"/>
        <line num="74" type="stmt" count="4"/>
        <line num="77" type="stmt" count="4"/>
        <line num="78" type="stmt" count="4"/>
        <line num="79" type="stmt" count="4"/>
        <line num="81" type="stmt" count="3"/>
        <line num="84" type="stmt" count="3"/>
        <line num="86" type="stmt" count="4"/>
        <metrics loc="87" ncloc="79" classes="1" methods="5" coveredmethods="5" conditionals="0" coveredconditionals="0" statements="16" coveredstatements="16" elements="21" coveredelements="21"/>
      </file>
      <file name="/home/kuba/GitHub/php-cs-fixer-custom-fixers/src/Fixer/NoDuplicatedArrayKeyFixer.php">
        <class name="PhpCsFixerCustomFixers\Fixer\NoDuplicatedArrayKeyFixer" namespace="PhpCsFixerCustomFixers\Fixer">
          <metrics complexity="21" methods="7" coveredmethods="7" conditionals="0" coveredconditionals="0" statements="40" coveredstatements="40" elements="47" coveredelements="47"/>
        </class>
        <line num="29" type="method" name="getDefinition" visibility="public" complexity="1" crap="1" count="3"/>
        <line num="31" type="stmt" count="3"/>
        <line num="32" type="stmt" count="3"/>
        <line num="33" type="stmt" count="3"/>
        <line num="43" type="method" name="getPriority" visibility="public" complexity="1" crap="1" count="1"/>
        <line num="45" type="stmt" count="1"/>
        <line num="48" type="method" name="isCandidate" visibility="public" complexity="1" crap="1" count="13"/>
        <line num="50" type="stmt" count="13"/>
        <line num="53" type="method" name="isRisky" visibility="public" complexity="1" crap="1" count="3"/>
        <line num="55" type="stmt" count="3"/>
        <line num="58" type="method" name="fix" visibility="public" complexity="3" crap="3" count="18"/>
        <line num="60" type="stmt" count="18"/>
        <line num="62" type="stmt" count="18"/>
        <line num="64" type="stmt" count="18"/>
        <line num="65" type="stmt" count="18"/>
        <line num="68" type="stmt" count="18"/>
        <line num="70" type="stmt" count="18"/>
        <line num="72" type="method" name="fixArray" visibility="private" complexity="6" crap="6" count="18"/>
        <line num="74" type="stmt" count="18"/>
        <line num="76" type="stmt" count="18"/>
        <line num="77" type="stmt" count="18"/>
        <line num="78" type="stmt" count="18"/>
        <line num="79" type="stmt" count="18"/>
        <line num="80" type="stmt" count="6"/>
        <line num="82" type="stmt" count="14"/>
        <line num="84" type="stmt" count="13"/>
        <line num="87" type="stmt" count="13"/>
        <line num="90" type="stmt" count="13"/>
        <line num="92" type="stmt" count="13"/>
        <line num="93" type="stmt" count="1"/>
        <line num="96" type="stmt" count="13"/>
        <line num="97" type="stmt" count="13"/>
        <line num="99" type="stmt" count="14"/>
        <line num="101" type="stmt" count="18"/>
        <line num="103" type="method" name="getKeyContentIfPossible" visibility="private" complexity="8" crap="8" count="18"/>
        <line num="105" type="stmt" count="18"/>
        <line num="106" type="stmt" count="3"/>
        <line num="110" type="stmt" count="17"/>
        <line num="112" type="stmt" count="17"/>
        <line num="113" type="stmt" count="17"/>
        <line num="115" type="stmt" count="17"/>
        <line num="117" type="stmt" count="17"/>
        <line num="118" type="stmt" count="1"/>
        <line num="120" type="stmt" count="17"/>
        <line num="121" type="stmt" count="3"/>
        <line num="123" type="stmt" count="17"/>
        <line num="126" type="stmt" count="14"/>
        <metrics loc="128" ncloc="115" classes="1" methods="7" coveredmethods="7" conditionals="0" coveredconditionals="0" statements="40" coveredstatements="40" elements="47" coveredelements="47"/>
      </file>
      <file name="/home/kuba/GitHub/php-cs-fixer-custom-fixers/src/Fixer/NoDuplicatedImportsFixer.php">
        <class name="PhpCsFixerCustomFixers\Fixer\NoDuplicatedImportsFixer" namespace="PhpCsFixerCustomFixers\Fixer">
          <metrics complexity="13" methods="7" coveredmethods="7" conditionals="0" coveredconditionals="0" statements="30" coveredstatements="30" elements="37" coveredelements="37"/>
        </class>
        <line num="27" type="method" name="getDefinition" visibility="public" complexity="1" crap="1" count="3"/>
        <line num="29" type="stmt" count="3"/>
        <line num="30" type="stmt" count="3"/>
        <line num="31" type="stmt" count="3"/>
        <line num="40" type="method" name="getPriority" visibility="public" complexity="1" crap="1" count="1"/>
        <line num="42" type="stmt" count="1"/>
        <line num="45" type="method" name="isCandidate" visibility="public" complexity="1" crap="1" count="6"/>
        <line num="47" type="stmt" count="6"/>
        <line num="50" type="method" name="isRisky" visibility="public" complexity="1" crap="1" count="3"/>
        <line num="52" type="stmt" count="3"/>
        <line num="55" type="method" name="fix" visibility="public" complexity="5" crap="5" count="8"/>
        <line num="57" type="stmt" count="8"/>
        <line num="59" type="stmt" count="8"/>
        <line num="60" type="stmt" count="8"/>
        <line num="61" type="stmt" count="8"/>
        <line num="63" type="stmt" count="8"/>
        <line num="64" type="stmt" count="8"/>
        <line num="65" type="stmt" count="8"/>
        <line num="68" type="stmt" count="8"/>
        <line num="70" type="stmt" count="8"/>
        <line num="71" type="stmt" count="8"/>
        <line num="72" type="stmt" count="8"/>
        <line num="73" type="stmt" count="6"/>
        <line num="75" type="stmt" count="8"/>
        <line num="78" type="stmt" count="8"/>
        <line num="80" type="method" name="getUniqueKey" visibility="private" complexity="3" crap="3" count="8"/>
        <line num="82" type="stmt" count="8"/>
        <line num="83" type="stmt" count="8"/>
        <line num="85" type="stmt" count="1"/>
        <line num="86" type="stmt" count="1"/>
        <line num="89" type="stmt" count="1"/>
        <line num="92" type="method" name="removeUseDeclaration" visibility="private" complexity="1" crap="1" count="6"/>
        <line num="94" type="stmt" count="6"/>
        <line num="96" type="stmt" count="6"/>
        <line num="97" type="stmt" count="6"/>
        <line num="99" type="stmt" count="6"/>
        <line num="100" type="stmt" count="6"/>
        <metrics loc="101" ncloc="94" classes="1" methods="7" coveredmethods="7" conditionals="0" coveredconditionals="0" statements="30" coveredstatements="30" elements="37" coveredelements="37"/>
      </file>
      <file name="/home/kuba/GitHub/php-cs-fixer-custom-fixers/src/Fixer/NoImportFromGlobalNamespaceFixer.php">
        <class name="PhpCsFixerCustomFixers\Fixer\NoImportFromGlobalNamespaceFixer" namespace="PhpCsFixerCustomFixers\Fixer">
          <metrics complexity="21" methods="9" coveredmethods="9" conditionals="0" coveredconditionals="0" statements="52" coveredstatements="52" elements="61" coveredelements="61"/>
        </class>
        <line num="27" type="method" name="getDefinition" visibility="public" complexity="1" crap="1" count="3"/>
        <line num="29" type="stmt" count="3"/>
        <line num="30" type="stmt" count="3"/>
        <line num="31" type="stmt" count="3"/>
        <line num="44" type="method" name="getPriority" visibility="public" complexity="1" crap="1" count="1"/>
        <line num="46" type="stmt" count="1"/>
        <line num="49" type="method" name="isCandidate" visibility="public" complexity="1" crap="1" count="12"/>
        <line num="51" type="stmt" count="12"/>
        <line num="54" type="method" name="isRisky" visibility="public" complexity="1" crap="1" count="3"/>
        <line num="56" type="stmt" count="3"/>
        <line num="59" type="method" name="fix" visibility="public" complexity="2" crap="2" count="14"/>
        <line num="61" type="stmt" count="14"/>
        <line num="62" type="stmt" count="14"/>
        <line num="64" type="stmt" count="14"/>
        <line num="66" type="method" name="fixImports" visibility="private" complexity="6" crap="6" count="14"/>
        <line num="68" type="stmt" count="14"/>
        <line num="70" type="stmt" count="14"/>
        <line num="72" type="stmt" count="14"/>
        <line num="74" type="stmt" count="14"/>
        <line num="75" type="stmt" count="14"/>
        <line num="76" type="stmt" count="14"/>
        <line num="79" type="stmt" count="14"/>
        <line num="80" type="stmt" count="1"/>
        <line num="83" type="stmt" count="13"/>
        <line num="84" type="stmt" count="2"/>
        <line num="85" type="stmt" count="2"/>
        <line num="88" type="stmt" count="13"/>
        <line num="89" type="stmt" count="13"/>
        <line num="92" type="stmt" count="13"/>
        <line num="94" type="stmt" count="14"/>
        <line num="101" type="method" name="removeImportFromGlobalNamespace" visibility="private" complexity="3" crap="3" count="14"/>
        <line num="104" type="stmt" count="14"/>
        <line num="107" type="stmt" count="14"/>
        <line num="109" type="stmt" count="14"/>
        <line num="111" type="stmt" count="1"/>
        <line num="114" type="stmt" count="1"/>
        <line num="118" type="stmt" count="14"/>
        <line num="121" type="stmt" count="14"/>
        <line num="123" type="stmt" count="14"/>
        <line num="124" type="stmt" count="12"/>
        <line num="125" type="stmt" count="12"/>
        <line num="126" type="stmt" count="12"/>
        <line num="129" type="stmt" count="14"/>
        <line num="135" type="method" name="updateComment" visibility="private" complexity="3" crap="3" count="2"/>
        <line num="138" type="stmt" count="2"/>
        <line num="140" type="stmt" count="2"/>
        <line num="142" type="stmt" count="2"/>
        <line num="143" type="stmt" count="2"/>
        <line num="146" type="stmt" count="2"/>
        <line num="147" type="stmt" count="2"/>
        <line num="149" type="stmt" count="2"/>
        <line num="154" type="method" name="updateUsage" visibility="private" complexity="3" crap="3" count="13"/>
        <line num="157" type="stmt" count="13"/>
        <line num="159" type="stmt" count="13"/>
        <line num="160" type="stmt" count="13"/>
        <line num="164" type="stmt" count="9"/>
        <line num="167" type="stmt" count="9"/>
        <line num="169" type="stmt" count="9"/>
        <line num="170" type="stmt" count="9"/>
        <line num="173" type="stmt" count="6"/>
        <line num="174" type="stmt" count="6"/>
        <metrics loc="175" ncloc="147" classes="1" methods="9" coveredmethods="9" conditionals="0" coveredconditionals="0" statements="52" coveredstatements="52" elements="61" coveredelements="61"/>
      </file>
      <file name="/home/kuba/GitHub/php-cs-fixer-custom-fixers/src/Fixer/NoLeadingSlashInGlobalNamespaceFixer.php">
        <class name="PhpCsFixerCustomFixers\Fixer\NoLeadingSlashInGlobalNamespaceFixer" namespace="PhpCsFixerCustomFixers\Fixer">
          <metrics complexity="11" methods="5" coveredmethods="5" conditionals="0" coveredconditionals="0" statements="21" coveredstatements="21" elements="26" coveredelements="26"/>
        </class>
        <line num="24" type="method" name="getDefinition" visibility="public" complexity="1" crap="1" count="3"/>
        <line num="26" type="stmt" count="3"/>
        <line num="27" type="stmt" count="3"/>
        <line num="28" type="stmt" count="3"/>
        <line num="36" type="method" name="getPriority" visibility="public" complexity="1" crap="1" count="1"/>
        <line num="38" type="stmt" count="1"/>
        <line num="41" type="method" name="isCandidate" visibility="public" complexity="1" crap="1" count="9"/>
        <line num="43" type="stmt" count="9"/>
        <line num="46" type="method" name="isRisky" visibility="public" complexity="1" crap="1" count="3"/>
        <line num="48" type="stmt" count="3"/>
        <line num="51" type="method" name="fix" visibility="public" complexity="7" crap="7" count="10"/>
        <line num="53" type="stmt" count="10"/>
        <line num="55" type="stmt" count="10"/>
        <line num="57" type="stmt" count="10"/>
        <line num="58" type="stmt" count="1"/>
        <line num="61" type="stmt" count="10"/>
        <line num="62" type="stmt" count="10"/>
        <line num="66" type="stmt" count="10"/>
        <line num="69" type="stmt" count="10"/>
        <line num="71" type="stmt" count="10"/>
        <line num="72" type="stmt" count="3"/>
        <line num="76" type="stmt" count="10"/>
        <line num="79" type="stmt" count="10"/>
        <line num="81" type="stmt" count="10"/>
        <line num="82" type="stmt" count="9"/>
        <line num="85" type="stmt" count="9"/>
        <metrics loc="86" ncloc="74" classes="1" methods="5" coveredmethods="5" conditionals="0" coveredconditionals="0" statements="21" coveredstatements="21" elements="26" coveredelements="26"/>
      </file>
      <file name="/home/kuba/GitHub/php-cs-fixer-custom-fixers/src/Fixer/NoNullableBooleanTypeFixer.php">
        <class name="PhpCsFixerCustomFixers\Fixer\NoNullableBooleanTypeFixer" namespace="PhpCsFixerCustomFixers\Fixer">
          <metrics complexity="11" methods="5" coveredmethods="5" conditionals="0" coveredconditionals="0" statements="22" coveredstatements="22" elements="27" coveredelements="27"/>
        </class>
        <line num="24" type="method" name="getDefinition" visibility="public" complexity="1" crap="1" count="5"/>
        <line num="26" type="stmt" count="5"/>
        <line num="27" type="stmt" count="5"/>
        <line num="28" type="stmt" count="5"/>
        <line num="34" type="stmt" count="5"/>
        <line num="35" type="stmt" count="5"/>
        <line num="39" type="method" name="getPriority" visibility="public" complexity="1" crap="1" count="1"/>
        <line num="41" type="stmt" count="1"/>
        <line num="44" type="method" name="isCandidate" visibility="public" complexity="1" crap="1" count="7"/>
        <line num="46" type="stmt" count="7"/>
        <line num="49" type="method" name="isRisky" visibility="public" complexity="1" crap="1" count="3"/>
        <line num="51" type="stmt" count="3"/>
        <line num="54" type="method" name="fix" visibility="public" complexity="7" crap="7" count="10"/>
        <line num="56" type="stmt" count="10"/>
        <line num="58" type="stmt" count="10"/>
        <line num="60" type="stmt" count="10"/>
        <line num="61" type="stmt" count="10"/>
        <line num="65" type="stmt" count="10"/>
        <line num="68" type="stmt" count="10"/>
        <line num="70" type="stmt" count="10"/>
        <line num="71" type="stmt" count="3"/>
        <line num="75" type="stmt" count="8"/>
        <line num="78" type="stmt" count="8"/>
        <line num="80" type="stmt" count="8"/>
        <line num="81" type="stmt" count="2"/>
        <line num="84" type="stmt" count="7"/>
        <line num="86" type="stmt" count="10"/>
        <metrics loc="87" ncloc="75" classes="1" methods="5" coveredmethods="5" conditionals="0" coveredconditionals="0" statements="22" coveredstatements="22" elements="27" coveredelements="27"/>
      </file>
      <file name="/home/kuba/GitHub/php-cs-fixer-custom-fixers/src/Fixer/NoPhpStormGeneratedCommentFixer.php">
        <class name="PhpCsFixerCustomFixers\Fixer\NoPhpStormGeneratedCommentFixer" namespace="PhpCsFixerCustomFixers\Fixer">
          <metrics complexity="8" methods="5" coveredmethods="5" conditionals="0" coveredconditionals="0" statements="14" coveredstatements="14" elements="19" coveredelements="19"/>
        </class>
        <line num="26" type="method" name="getDefinition" visibility="public" complexity="1" crap="1" count="3"/>
        <line num="28" type="stmt" count="3"/>
        <line num="29" type="stmt" count="3"/>
        <line num="30" type="stmt" count="3"/>
        <line num="42" type="method" name="getPriority" visibility="public" complexity="1" crap="1" count="1"/>
        <line num="44" type="stmt" count="1"/>
        <line num="47" type="method" name="isCandidate" visibility="public" complexity="1" crap="1" count="9"/>
        <line num="49" type="stmt" count="9"/>
        <line num="52" type="method" name="isRisky" visibility="public" complexity="1" crap="1" count="3"/>
        <line num="54" type="stmt" count="3"/>
        <line num="57" type="method" name="fix" visibility="public" complexity="4" crap="4" count="10"/>
        <line num="59" type="stmt" count="10"/>
        <line num="61" type="stmt" count="10"/>
        <line num="63" type="stmt" count="10"/>
        <line num="64" type="stmt" count="10"/>
        <line num="67" type="stmt" count="10"/>
        <line num="68" type="stmt" count="2"/>
        <line num="71" type="stmt" count="9"/>
        <line num="73" type="stmt" count="10"/>
        <metrics loc="74" ncloc="66" classes="1" methods="5" coveredmethods="5" conditionals="0" coveredconditionals="0" statements="14" coveredstatements="14" elements="19" coveredelements="19"/>
      </file>
      <file name="/home/kuba/GitHub/php-cs-fixer-custom-fixers/src/Fixer/NoReferenceInFunctionDefinitionFixer.php">
        <class name="PhpCsFixerCustomFixers\Fixer\NoReferenceInFunctionDefinitionFixer" namespace="PhpCsFixerCustomFixers\Fixer">
          <metrics complexity="11" methods="6" coveredmethods="6" conditionals="0" coveredconditionals="0" statements="26" coveredstatements="26" elements="32" coveredelements="32"/>
        </class>
        <line num="25" type="method" name="getDefinition" visibility="public" complexity="1" crap="1" count="5"/>
        <line num="27" type="stmt" count="5"/>
        <line num="28" type="stmt" count="5"/>
        <line num="29" type="stmt" count="5"/>
        <line num="32" type="stmt" count="5"/>
        <line num="33" type="stmt" count="5"/>
        <line num="37" type="method" name="getPriority" visibility="public" complexity="1" crap="1" count="1"/>
        <line num="39" type="stmt" count="1"/>
        <line num="42" type="method" name="isCandidate" visibility="public" complexity="1" crap="1" count="6"/>
        <line num="44" type="stmt" count="6"/>
        <line num="47" type="method" name="isRisky" visibility="public" complexity="1" crap="1" count="3"/>
        <line num="49" type="stmt" count="3"/>
        <line num="52" type="method" name="fix" visibility="public" complexity="5" crap="5" count="7"/>
        <line num="54" type="stmt" count="7"/>
        <line num="56" type="stmt" count="7"/>
        <line num="58" type="stmt" count="7"/>
        <line num="59" type="stmt" count="7"/>
        <line num="62" type="stmt" count="7"/>
        <line num="64" type="stmt" count="7"/>
        <line num="66" type="stmt" count="6"/>
        <line num="68" type="stmt" count="6"/>
        <line num="69" type="stmt" count="6"/>
        <line num="73" type="stmt" count="7"/>
        <line num="78" type="method" name="getArgumentStartIndices" visibility="private" complexity="2" crap="2" count="7"/>
        <line num="80" type="stmt" count="7"/>
        <line num="83" type="stmt" count="7"/>
        <line num="85" type="stmt" count="7"/>
        <line num="87" type="stmt" count="7"/>
        <line num="89" type="stmt" count="7"/>
        <line num="91" type="stmt" count="6"/>
        <line num="93" type="stmt" count="6"/>
        <line num="96" type="stmt" count="7"/>
        <metrics loc="98" ncloc="85" classes="1" methods="6" coveredmethods="6" conditionals="0" coveredconditionals="0" statements="26" coveredstatements="26" elements="32" coveredelements="32"/>
      </file>
      <file name="/home/kuba/GitHub/php-cs-fixer-custom-fixers/src/Fixer/NoSuperfluousConcatenationFixer.php">
        <class name="PhpCsFixerCustomFixers\Fixer\NoSuperfluousConcatenationFixer" namespace="PhpCsFixerCustomFixers\Fixer">
          <metrics complexity="29" methods="10" coveredmethods="10" conditionals="0" coveredconditionals="0" statements="65" coveredstatements="65" elements="75" coveredelements="75"/>
        </class>
        <line num="31" type="method" name="getDefinition" visibility="public" complexity="1" crap="1" count="3"/>
        <line num="33" type="stmt" count="3"/>
        <line num="34" type="stmt" count="3"/>
        <line num="35" type="stmt" count="3"/>
        <line num="39" type="method" name="getConfigurationDefinition" visibility="public" complexity="1" crap="1" count="1"/>
        <line num="41" type="stmt" count="1"/>
        <line num="42" type="stmt" count="1"/>
        <line num="43" type="stmt" count="1"/>
        <line num="44" type="stmt" count="1"/>
        <line num="45" type="stmt" count="1"/>
        <line num="49" type="method" name="configure" visibility="public" complexity="3" crap="3" count="535"/>
        <line num="51" type="stmt" count="535"/>
        <line num="52" type="stmt" count="535"/>
        <line num="57" type="method" name="getPriority" visibility="public" complexity="1" crap="1" count="1"/>
        <line num="59" type="stmt" count="1"/>
        <line num="62" type="method" name="isCandidate" visibility="public" complexity="1" crap="1" count="527"/>
        <line num="64" type="stmt" count="527"/>
        <line num="67" type="method" name="isRisky" visibility="public" complexity="1" crap="1" count="3"/>
        <line num="69" type="stmt" count="3"/>
        <line num="72" type="method" name="fix" visibility="public" complexity="7" crap="7" count="535"/>
        <line num="74" type="stmt" count="535"/>
        <line num="76" type="stmt" count="535"/>
        <line num="78" type="stmt" count="535"/>
        <line num="79" type="stmt" count="535"/>
        <line num="83" type="stmt" count="535"/>
        <line num="86" type="stmt" count="535"/>
        <line num="88" type="stmt" count="535"/>
        <line num="89" type="stmt" count="3"/>
        <line num="91" type="stmt" count="534"/>
        <line num="92" type="stmt" count="6"/>
        <line num="96" type="stmt" count="530"/>
        <line num="99" type="stmt" count="530"/>
        <line num="101" type="stmt" count="530"/>
        <line num="102" type="stmt" count="3"/>
        <line num="104" type="stmt" count="529"/>
        <line num="105" type="stmt" count="3"/>
        <line num="108" type="stmt" count="528"/>
        <line num="110" type="stmt" count="535"/>
        <line num="112" type="method" name="areOnlyHorizontalWhitespacesBetween" visibility="private" complexity="4" crap="4" count="534"/>
        <line num="114" type="stmt" count="534"/>
        <line num="116" type="stmt" count="533"/>
        <line num="118" type="stmt" count="533"/>
        <line num="119" type="stmt" count="4"/>
        <line num="121" type="stmt" count="531"/>
        <line num="122" type="stmt" count="3"/>
        <line num="126" type="stmt" count="530"/>
        <line num="129" type="method" name="fixConcat" visibility="private" complexity="7" crap="7" count="528"/>
        <line num="132" type="stmt" count="528"/>
        <line num="135" type="stmt" count="528"/>
        <line num="137" type="stmt" count="528"/>
        <line num="138" type="stmt" count="528"/>
        <line num="139" type="stmt" count="528"/>
        <line num="141" type="stmt" count="528"/>
        <line num="142" type="stmt" count="528"/>
        <line num="143" type="stmt" count="528"/>
        <line num="145" type="stmt" count="1"/>
        <line num="148" type="stmt" count="527"/>
        <line num="149" type="stmt" count="4"/>
        <line num="150" type="stmt" count="4"/>
        <line num="153" type="stmt" count="527"/>
        <line num="155" type="stmt" count="527"/>
        <line num="157" type="stmt" count="527"/>
        <line num="161" type="stmt" count="527"/>
        <line num="162" type="stmt" count="527"/>
        <line num="163" type="stmt" count="527"/>
        <line num="168" type="stmt" count="527"/>
        <line num="170" type="method" name="getContentForBorder" visibility="private" complexity="3" crap="3" count="527"/>
        <line num="172" type="stmt" count="527"/>
        <line num="173" type="stmt" count="527"/>
        <line num="174" type="stmt" count="527"/>
        <line num="175" type="stmt" count="526"/>
        <line num="177" type="stmt" count="517"/>
        <line num="178" type="stmt" count="1"/>
        <line num="181" type="stmt" count="516"/>
        <line num="192" type="stmt" count="516"/>
        <metrics loc="195" ncloc="177" classes="1" methods="10" coveredmethods="10" conditionals="0" coveredconditionals="0" statements="65" coveredstatements="65" elements="75" coveredelements="75"/>
      </file>
      <file name="/home/kuba/GitHub/php-cs-fixer-custom-fixers/src/Fixer/NoUselessCommentFixer.php">
        <class name="PhpCsFixerCustomFixers\Fixer\NoUselessCommentFixer" namespace="PhpCsFixerCustomFixers\Fixer">
[...]
        <line num="30" type="stmt" count="3"/>
        <line num="31" type="stmt" count="3"/>
        <line num="32" type="stmt" count="3"/>
        <line num="46" type="method" name="getPriority" visibility="public" complexity="1" crap="1" count="1"/>
        <line num="48" type="stmt" count="1"/>
        <line num="51" type="method" name="isCandidate" visibility="public" complexity="2" crap="2" count="5"/>
        <line num="53" type="stmt" count="5"/>
        <line num="56" type="method" name="isRisky" visibility="public" complexity="1" crap="1" count="3"/>
        <line num="58" type="stmt" count="3"/>
        <line num="61" type="method" name="fix" visibility="public" complexity="2" crap="2" count="7"/>
        <line num="63" type="stmt" count="7"/>
        <line num="65" type="stmt" count="7"/>
        <line num="66" type="stmt" count="7"/>
        <line num="68" type="stmt" count="7"/>
        <line num="70" type="method" name="fixPhpdocSelfAccessor" visibility="private" complexity="4" crap="4" count="7"/>
        <line num="72" type="stmt" count="7"/>
        <line num="74" type="stmt" count="7"/>
        <line num="75" type="stmt" count="7"/>
        <line num="76" type="stmt" count="7"/>
        <line num="79" type="stmt" count="7"/>
        <line num="81" type="stmt" count="7"/>
        <line num="82" type="stmt" count="5"/>
        <line num="86" type="stmt" count="7"/>
        <line num="89" type="stmt" count="7"/>
        <line num="92" type="stmt" count="7"/>
        <line num="94" type="stmt" count="7"/>
        <line num="96" type="stmt" count="7"/>
        <line num="98" type="stmt" count="7"/>
        <line num="100" type="stmt" count="7"/>
        <line num="102" type="stmt" count="7"/>
        <line num="104" type="method" name="replaceNameOccurrences" visibility="private" complexity="4" crap="4" count="7"/>
        <line num="106" type="stmt" count="7"/>
        <line num="108" type="stmt" count="7"/>
        <line num="110" type="stmt" count="7"/>
        <line num="111" type="stmt" count="7"/>
        <line num="114" type="stmt" count="7"/>
        <line num="116" type="stmt" count="7"/>
        <line num="117" type="stmt" count="7"/>
        <line num="120" type="stmt" count="5"/>
        <line num="122" type="stmt" count="7"/>
        <line num="124" type="method" name="getNewContent" visibility="private" complexity="5" crap="5" count="7"/>
        <line num="126" type="stmt" count="7"/>
        <line num="128" type="stmt" count="7"/>
        <line num="130" type="stmt" count="7"/>
        <line num="131" type="stmt" count="7"/>
        <line num="132" type="stmt" count="2"/>
        <line num="135" type="stmt" count="7"/>
        <line num="136" type="stmt" count="7"/>
        <line num="138" type="stmt" count="7"/>
        <line num="139" type="stmt" count="7"/>
        <line num="140" type="stmt" count="7"/>
        <line num="144" type="stmt" count="7"/>
        <line num="147" type="stmt" count="7"/>
        <line num="150" type="stmt" count="7"/>
        <metrics loc="152" ncloc="137" classes="1" methods="8" coveredmethods="8" conditionals="0" coveredconditionals="0" statements="47" coveredstatements="47" elements="55" coveredelements="55"/>
      </file>
      <file name="/home/kuba/GitHub/php-cs-fixer-custom-fixers/src/Fixer/PhpdocSingleLineVarFixer.php">
        <class name="PhpCsFixerCustomFixers\Fixer\PhpdocSingleLineVarFixer" namespace="PhpCsFixerCustomFixers\Fixer">
          <metrics complexity="10" methods="5" coveredmethods="5" conditionals="0" coveredconditionals="0" statements="20" coveredstatements="20" elements="25" coveredelements="25"/>
        </class>
        <line num="25" type="method" name="getDefinition" visibility="public" complexity="1" crap="1" count="3"/>
        <line num="27" type="stmt" count="3"/>
        <line num="28" type="stmt" count="3"/>
        <line num="29" type="stmt" count="3"/>
        <line num="43" type="method" name="getPriority" visibility="public" complexity="1" crap="1" count="1"/>
        <line num="45" type="stmt" count="1"/>
        <line num="48" type="method" name="isCandidate" visibility="public" complexity="1" crap="1" count="9"/>
        <line num="50" type="stmt" count="9"/>
        <line num="53" type="method" name="isRisky" visibility="public" complexity="1" crap="1" count="3"/>
        <line num="55" type="stmt" count="3"/>
        <line num="58" type="method" name="fix" visibility="public" complexity="6" crap="6" count="16"/>
        <line num="60" type="stmt" count="16"/>
        <line num="62" type="stmt" count="16"/>
        <line num="64" type="stmt" count="16"/>
        <line num="65" type="stmt" count="14"/>
        <line num="68" type="stmt" count="16"/>
        <line num="69" type="stmt" count="2"/>
        <line num="72" type="stmt" count="15"/>
        <line num="73" type="stmt" count="5"/>
        <line num="77" type="stmt" count="11"/>
        <line num="79" type="stmt" count="11"/>
        <line num="81" type="stmt" count="11"/>
        <line num="82" type="stmt" count="11"/>
        <line num="85" type="stmt" count="9"/>
        <line num="87" type="stmt" count="16"/>
        <metrics loc="88" ncloc="77" classes="1" methods="5" coveredmethods="5" conditionals="0" coveredconditionals="0" statements="20" coveredstatements="20" elements="25" coveredelements="25"/>
      </file>
      <file name="/home/kuba/GitHub/php-cs-fixer-custom-fixers/src/Fixer/PhpdocTypesTrimFixer.php">
        <class name="PhpCsFixerCustomFixers\Fixer\PhpdocTypesTrimFixer" namespace="PhpCsFixerCustomFixers\Fixer">
          <metrics complexity="15" methods="6" coveredmethods="6" conditionals="0" coveredconditionals="0" statements="43" coveredstatements="43" elements="49" coveredelements="49"/>
        </class>
        <line num="27" type="method" name="getDefinition" visibility="public" complexity="1" crap="1" count="3"/>
        <line num="29" type="stmt" count="3"/>
        <line num="30" type="stmt" count="3"/>
        <line num="31" type="stmt" count="3"/>
        <line num="43" type="method" name="getPriority" visibility="public" complexity="1" crap="1" count="1"/>
        <line num="45" type="stmt" count="1"/>
        <line num="48" type="method" name="isCandidate" visibility="public" complexity="1" crap="1" count="11"/>
        <line num="50" type="stmt" count="11"/>
        <line num="53" type="method" name="isRisky" visibility="public" complexity="1" crap="1" count="3"/>
        <line num="55" type="stmt" count="3"/>
        <line num="58" type="method" name="fix" visibility="public" complexity="6" crap="6" count="15"/>
        <line num="60" type="stmt" count="15"/>
        <line num="62" type="stmt" count="15"/>
        <line num="64" type="stmt" count="15"/>
        <line num="65" type="stmt" count="15"/>
        <line num="68" type="stmt" count="15"/>
        <line num="70" type="stmt" count="15"/>
        <line num="71" type="stmt" count="15"/>
        <line num="72" type="stmt" count="2"/>
        <line num="76" type="stmt" count="14"/>
        <line num="78" type="stmt" count="14"/>
        <line num="79" type="stmt" count="14"/>
        <line num="82" type="stmt" count="14"/>
        <line num="83" type="stmt" count="14"/>
        <line num="86" type="stmt" count="15"/>
        <line num="87" type="stmt" count="15"/>
        <line num="88" type="stmt" count="15"/>
        <line num="91" type="stmt" count="11"/>
        <line num="93" type="stmt" count="15"/>
        <line num="95" type="method" name="trimTypes" visibility="private" complexity="5" crap="5" count="14"/>
        <line num="97" type="stmt" count="14"/>
        <line num="98" type="stmt" count="3"/>
        <line num="102" type="stmt" count="12"/>
        <line num="105" type="stmt" count="12"/>
        <line num="106" type="stmt" count="12"/>
        <line num="108" type="stmt" count="12"/>
        <line num="109" type="stmt" count="12"/>
        <line num="110" type="stmt" count="6"/>
        <line num="112" type="stmt" count="7"/>
        <line num="115" type="stmt" count="12"/>
        <line num="116" type="stmt" count="12"/>
        <line num="117" type="stmt" count="9"/>
        <line num="119" type="stmt" count="5"/>
        <line num="123" type="stmt" count="12"/>
        <line num="125" type="stmt" count="12"/>
        <line num="126" type="stmt" count="12"/>
        <line num="127" type="stmt" count="12"/>
        <line num="130" type="stmt" count="12"/>
        <line num="132" type="stmt" count="12"/>
        <metrics loc="134" ncloc="118" classes="1" methods="6" coveredmethods="6" conditionals="0" coveredconditionals="0" statements="43" coveredstatements="43" elements="49" coveredelements="49"/>
      </file>
      <file name="/home/kuba/GitHub/php-cs-fixer-custom-fixers/src/Fixer/SingleSpaceAfterStatementFixer.php">
        <class name="PhpCsFixerCustomFixers\Fixer\SingleSpaceAfterStatementFixer" namespace="PhpCsFixerCustomFixers\Fixer">
          <metrics complexity="17" methods="8" coveredmethods="8" conditionals="0" coveredconditionals="0" statements="28" coveredstatements="28" elements="36" coveredelements="36"/>
        </class>
        <line num="86" type="method" name="getDefinition" visibility="public" complexity="1" crap="1" count="3"/>
        <line num="88" type="stmt" count="3"/>
        <line num="89" type="stmt" count="3"/>
        <line num="90" type="stmt" count="3"/>
        <line num="94" type="method" name="getConfigurationDefinition" visibility="public" complexity="1" crap="1" count="1"/>
        <line num="96" type="stmt" count="1"/>
        <line num="97" type="stmt" count="1"/>
        <line num="98" type="stmt" count="1"/>
        <line num="99" type="stmt" count="1"/>
        <line num="100" type="stmt" count="1"/>
        <line num="104" type="method" name="configure" visibility="public" complexity="3" crap="3" count="21"/>
        <line num="106" type="stmt" count="21"/>
        <line num="107" type="stmt" count="21"/>
        <line num="109" type="method" name="getPriority" visibility="public" complexity="1" crap="1" count="1"/>
        <line num="111" type="stmt" count="1"/>
        <line num="114" type="method" name="isCandidate" visibility="public" complexity="1" crap="1" count="12"/>
        <line num="116" type="stmt" count="12"/>
        <line num="119" type="method" name="isRisky" visibility="public" complexity="1" crap="1" count="3"/>
        <line num="121" type="stmt" count="3"/>
        <line num="124" type="method" name="fix" visibility="public" complexity="4" crap="4" count="72"/>
        <line num="126" type="stmt" count="72"/>
        <line num="128" type="stmt" count="72"/>
        <line num="130" type="stmt" count="72"/>
        <line num="131" type="stmt" count="72"/>
        <line num="134" type="stmt" count="72"/>
        <line num="135" type="stmt" count="5"/>
        <line num="138" type="stmt" count="70"/>
        <line num="140" type="stmt" count="72"/>
        <line num="142" type="method" name="canAddSpaceAfter" visibility="private" complexity="5" crap="5" count="72"/>
        <line num="145" type="stmt" count="72"/>
        <line num="148" type="stmt" count="72"/>
        <line num="150" type="stmt" count="72"/>
        <line num="151" type="stmt" count="71"/>
        <line num="154" type="stmt" count="5"/>
        <line num="155" type="stmt" count="1"/>
        <line num="158" type="stmt" count="4"/>
        <metrics loc="160" ncloc="148" classes="1" methods="8" coveredmethods="8" conditionals="0" coveredconditionals="0" statements="28" coveredstatements="28" elements="36" coveredelements="36"/>
      </file>
      <file name="/home/kuba/GitHub/php-cs-fixer-custom-fixers/src/Fixer/SingleSpaceBeforeStatementFixer.php">
        <class name="PhpCsFixerCustomFixers\Fixer\SingleSpaceBeforeStatementFixer" namespace="PhpCsFixerCustomFixers\Fixer">
          <metrics complexity="16" methods="7" coveredmethods="7" conditionals="0" coveredconditionals="0" statements="32" coveredstatements="32" elements="39" coveredelements="39"/>
        </class>
        <line num="80" type="method" name="getDefinition" visibility="public" complexity="1" crap="1" count="3"/>
        <line num="82" type="stmt" count="3"/>
        <line num="83" type="stmt" count="3"/>
        <line num="84" type="stmt" count="3"/>
        <line num="88" type="method" name="getPriority" visibility="public" complexity="1" crap="1" count="1"/>
        <line num="90" type="stmt" count="1"/>
        <line num="93" type="method" name="isCandidate" visibility="public" complexity="1" crap="1" count="6"/>
        <line num="95" type="stmt" count="6"/>
        <line num="98" type="method" name="isRisky" visibility="public" complexity="1" crap="1" count="3"/>
        <line num="100" type="stmt" count="3"/>
        <line num="103" type="method" name="fix" visibility="public" complexity="5" crap="5" count="13"/>
        <line num="105" type="stmt" count="13"/>
        <line num="107" type="stmt" count="13"/>
        <line num="109" type="stmt" count="13"/>
        <line num="110" type="stmt" count="13"/>
        <line num="114" type="stmt" count="13"/>
        <line num="116" type="stmt" count="13"/>
        <line num="117" type="stmt" count="4"/>
        <line num="121" type="stmt" count="13"/>
        <line num="123" type="stmt" count="13"/>
        <line num="124" type="stmt" count="3"/>
        <line num="125" type="stmt" count="3"/>
        <line num="128" type="stmt" count="11"/>
        <line num="130" type="stmt" count="13"/>
        <line num="132" type="method" name="fixTwoTokensAfterOpenTag" visibility="private" complexity="3" crap="3" count="3"/>
        <line num="135" type="stmt" count="3"/>
        <line num="138" type="stmt" count="3"/>
        <line num="140" type="stmt" count="3"/>
        <line num="141" type="stmt" count="1"/>
        <line num="143" type="stmt" count="3"/>
        <line num="145" type="method" name="fixMoreThanTwoTokensAfterOpenTag" visibility="private" complexity="4" crap="4" count="11"/>
        <line num="148" type="stmt" count="11"/>
        <line num="150" type="stmt" count="11"/>
        <line num="151" type="stmt" count="8"/>
        <line num="152" type="stmt" count="7"/>
        <line num="155" type="stmt" count="8"/>
        <line num="158" type="stmt" count="9"/>
        <line num="159" type="stmt" count="4"/>
        <line num="161" type="stmt" count="9"/>
        <metrics loc="162" ncloc="148" classes="1" methods="7" coveredmethods="7" conditionals="0" coveredconditionals="0" statements="32" coveredstatements="32" elements="39" coveredelements="39"/>
      </file>
    </package>
    <file name="/home/kuba/GitHub/php-cs-fixer-custom-fixers/src/Fixer/DeprecatingFixerInterface.php">
      <metrics loc="25" ncloc="14" classes="0" methods="0" coveredmethods="0" conditionals="0" coveredconditionals="0" statements="0" coveredstatements="0" elements="0" coveredelements="0"/>
    </file>
    <package name="PhpCsFixerCustomFixers">
      <file name="/home/kuba/GitHub/php-cs-fixer-custom-fixers/src/Fixers.php">
        <class name="PhpCsFixerCustomFixers\Fixers" namespace="PhpCsFixerCustomFixers">
          <metrics complexity="2" methods="1" coveredmethods="1" conditionals="0" coveredconditionals="0" statements="10" coveredstatements="10" elements="11" coveredelements="11"/>
        </class>
        <line num="28" type="method" name="getIterator" visibility="public" complexity="2" crap="2" count="36"/>
        <line num="30" type="stmt" count="36"/>
        <line num="31" type="stmt" count="36"/>
        <line num="32" type="stmt" count="36"/>
        <line num="33" type="stmt" count="36"/>
        <line num="34" type="stmt" count="36"/>
        <line num="35" type="stmt" count="36"/>
        <line num="38" type="stmt" count="36"/>
        <line num="39" type="stmt" count="36"/>
        <line num="40" type="stmt" count="36"/>
        <line num="42" type="stmt" count="36"/>
        <metrics loc="43" ncloc="31" classes="1" methods="1" coveredmethods="1" conditionals="0" coveredconditionals="0" statements="10" coveredstatements="10" elements="11" coveredelements="11"/>
      </file>
      <file name="/home/kuba/GitHub/php-cs-fixer-custom-fixers/src/TokenRemover.php">
        <class name="PhpCsFixerCustomFixers\TokenRemover" namespace="PhpCsFixerCustomFixers">
          <metrics complexity="21" methods="6" coveredmethods="6" conditionals="0" coveredconditionals="0" statements="45" coveredstatements="45" elements="51" coveredelements="51"/>
        </class>
        <line num="25" type="method" name="removeWithLinesIfPossible" visibility="public" complexity="3" crap="3" count="15"/>
        <line num="27" type="stmt" count="15"/>
        <line num="29" type="stmt" count="8"/>
        <line num="31" type="stmt" count="8"/>
        <line num="33" type="stmt" count="8"/>
        <line num="34" type="stmt" count="8"/>
        <line num="35" type="stmt" count="7"/>
        <line num="39" type="stmt" count="15"/>
        <line num="40" type="stmt" count="15"/>
        <line num="42" type="method" name="isTokenOnlyMeaningfulInLine" visibility="private" complexity="2" crap="2" count="15"/>
        <line num="44" type="stmt" count="15"/>
        <line num="47" type="method" name="hasMeaningTokenInLineBefore" visibility="private" complexity="7" crap="7" count="15"/>
        <line num="50" type="stmt" count="15"/>
        <line num="53" type="stmt" count="15"/>
        <line num="55" type="stmt" count="15"/>
        <line num="56" type="stmt" count="2"/>
        <line num="59" type="stmt" count="13"/>
        <line num="60" type="stmt" count="1"/>
        <line num="63" type="stmt" count="12"/>
        <line num="65" type="stmt" count="2"/>
        <line num="68" type="stmt" count="2"/>
        <line num="70" type="stmt" count="2"/>
        <line num="71" type="stmt" count="1"/>
        <line num="75" type="stmt" count="11"/>
        <line num="78" type="method" name="hasMeaningTokenInLineAfter" visibility="private" complexity="3" crap="3" count="11"/>
        <line num="80" type="stmt" count="11"/>
        <line num="81" type="stmt" count="11"/>
        <line num="82" type="stmt" count="1"/>
        <line num="86" type="stmt" count="10"/>
        <line num="88" type="stmt" count="10"/>
        <line num="89" type="stmt" count="2"/>
        <line num="92" type="stmt" count="8"/>
        <line num="95" type="method" name="handleWhitespaceBefore" visibility="private" complexity="3" crap="3" count="8"/>
        <line num="98" type="stmt" count="8"/>
        <line num="100" type="stmt" count="8"/>
        <line num="101" type="stmt" count="3"/>
        <line num="103" type="stmt" count="5"/>
        <line num="105" type="stmt" count="5"/>
        <line num="107" type="stmt" count="5"/>
        <line num="108" type="stmt" count="4"/>
        <line num="110" type="stmt" count="1"/>
        <line num="113" type="stmt" count="5"/>
        <line num="116" type="method" name="handleWhitespaceAfter" visibility="private" complexity="3" crap="3" count="7"/>
        <line num="119" type="stmt" count="7"/>
        <line num="121" type="stmt" count="7"/>
        <line num="123" type="stmt" count="7"/>
        <line num="125" type="stmt" count="7"/>
        <line num="126" type="stmt" count="1"/>
        <line num="128" type="stmt" count="1"/>
        <line num="131" type="stmt" count="6"/>
        <line num="132" type="stmt" count="6"/>
        <metrics loc="133" ncloc="116" classes="1" methods="6" coveredmethods="6" conditionals="0" coveredconditionals="0" statements="45" coveredstatements="45" elements="51" coveredelements="51"/>
      </file>
    </package>
    <metrics files="48" loc="6017" ncloc="5278" classes="47" methods="300" coveredmethods="300" conditionals="0" coveredconditionals="0" statements="1779" coveredstatements="1779" elements="2079" coveredelements="2079"/>
  </project>
</coverage>
